2019-03-12 13:47:19.541  INFO 7256 --- [main] com.example.demo.DemoApplication         : Starting DemoApplication on DESKTOP-G8LJVQN with PID 7256 (E:\Users\1\eclipse-workspace\demo\target\classes started by 1 in E:\Users\1\eclipse-workspace\demo)
2019-03-12 13:47:19.543  INFO 7256 --- [main] com.example.demo.DemoApplication         : No active profile set, falling back to default profiles: default
2019-03-12 13:47:20.084  INFO 7256 --- [main] .s.d.r.c.RepositoryConfigurationDelegate : Multiple Spring Data modules found, entering strict repository configuration mode!
2019-03-12 13:47:20.086  INFO 7256 --- [main] .s.d.r.c.RepositoryConfigurationDelegate : Bootstrapping Spring Data repositories in DEFAULT mode.
2019-03-12 13:47:20.104  INFO 7256 --- [main] .s.d.r.c.RepositoryConfigurationDelegate : Finished Spring Data repository scanning in 8ms. Found 0 repository interfaces.
2019-03-12 13:47:20.440  INFO 7256 --- [main] trationDelegate$BeanPostProcessorChecker : Bean 'org.springframework.transaction.annotation.ProxyTransactionManagementConfiguration' of type [org.springframework.transaction.annotation.ProxyTransactionManagementConfiguration$$EnhancerBySpringCGLIB$$39368a96] is not eligible for getting processed by all BeanPostProcessors (for example: not eligible for auto-proxying)
2019-03-12 13:47:20.836  INFO 7256 --- [main] o.s.b.w.embedded.tomcat.TomcatWebServer  : Tomcat initialized with port(s): 8080 (http)
2019-03-12 13:47:20.849  INFO 7256 --- [main] o.a.coyote.http11.Http11NioProtocol      : Initializing ProtocolHandler ["http-nio-8080"]
2019-03-12 13:47:20.858  INFO 7256 --- [main] o.apache.catalina.core.StandardService   : Starting service [Tomcat]
2019-03-12 13:47:20.858  INFO 7256 --- [main] org.apache.catalina.core.StandardEngine  : Starting Servlet engine: [Apache Tomcat/9.0.16]
2019-03-12 13:47:20.866  INFO 7256 --- [main] o.a.catalina.core.AprLifecycleListener   : The APR based Apache Tomcat Native library which allows optimal performance in production environments was not found on the java.library.path: [C:\Program Files\Java\jre1.8.0_161\bin;C:\WINDOWS\Sun\Java\bin;C:\WINDOWS\system32;C:\WINDOWS;C:/Program Files/Java/jre1.8.0_161/bin/server;C:/Program Files/Java/jre1.8.0_161/bin;C:/Program Files/Java/jre1.8.0_161/lib/amd64;C:\ProgramData\Oracle\Java\javapath;C:\WINDOWS\system32;C:\WINDOWS;C:\WINDOWS\System32\Wbem;C:\WINDOWS\System32\WindowsPowerShell\v1.0\;C:\WINDOWS\System32\OpenSSH\;C:\Users\1\AppData\Local\Microsoft\WindowsApps;E:\eclipse-jee-2018-12-R-win32-x86_64\eclipse;;.]
2019-03-12 13:47:20.961  INFO 7256 --- [main] o.a.c.c.C.[Tomcat].[localhost].[/]       : Initializing Spring embedded WebApplicationContext
2019-03-12 13:47:20.962  INFO 7256 --- [main] o.s.web.context.ContextLoader            : Root WebApplicationContext: initialization completed in 1384 ms
2019-03-12 13:47:21.537  INFO 7256 --- [main] o.s.s.concurrent.ThreadPoolTaskExecutor  : Initializing ExecutorService 'applicationTaskExecutor'
2019-03-12 13:47:22.083  INFO 7256 --- [main] o.a.coyote.http11.Http11NioProtocol      : Starting ProtocolHandler ["http-nio-8080"]
2019-03-12 13:47:22.121  INFO 7256 --- [main] o.s.b.w.embedded.tomcat.TomcatWebServer  : Tomcat started on port(s): 8080 (http) with context path ''
2019-03-12 13:47:22.124  INFO 7256 --- [main] com.example.demo.DemoApplication         : Started DemoApplication in 2.961 seconds (JVM running for 3.29)
2019-03-12 13:47:34.905  INFO 7256 --- [http-nio-8080-exec-1] o.a.c.c.C.[Tomcat].[localhost].[/]       : Initializing Spring DispatcherServlet 'dispatcherServlet'
2019-03-12 13:47:34.907  INFO 7256 --- [http-nio-8080-exec-1] o.s.web.servlet.DispatcherServlet        : Initializing Servlet 'dispatcherServlet'
2019-03-12 13:47:34.914  INFO 7256 --- [http-nio-8080-exec-1] o.s.web.servlet.DispatcherServlet        : Completed initialization in 7 ms
